<?xml version="1.0" encoding="UTF-8"?>
<!-- Generated by org.testng.reporters.JUnitXMLReporter -->
<testsuite hostname="KAPAMAC114YHTD7" ignored="1" name="Basics Test" tests="3" failures="0" timestamp="2019-11-07T23:05:40 MST" time="0.054" errors="0">
  <testcase name="testcase6" time="0.007" classname="Day11.TestingBasics"/>
  <testcase name="testcase1" time="0.006" classname="Day11.TestingBasics"/>
  <testcase name="testcase3" time="0.008" classname="Day11.TestingBasics"/>
  <testcase name="testcase5" time="0.0" classname="Day11.TestingBasics">
    <ignored/>
  </testcase> <!-- testcase5 -->
</testsuite> <!-- Basics Test -->
