<?xml version="1.0" encoding="UTF-8"?>
<testng-results skipped="0" failed="0" ignored="0" total="4" passed="4">
  <reporter-output>
  </reporter-output>
  <suite name="Guru99 Test Suite" duration-ms="18886" started-at="2019-11-07T21:37:16 MST" finished-at="2019-11-07T21:37:35 MST">
    <groups>
    </groups>
    <test name="Chrome Browser Tests" duration-ms="4824" started-at="2019-11-07T21:37:16 MST" finished-at="2019-11-07T21:37:21 MST">
      <class name="Day11.Guru99Project">
        <test-method status="PASS" signature="invokeBrowser(java.lang.String)[pri:0, instance:Day11.Guru99Project@10a035a0]" name="invokeBrowser" is-config="true" duration-ms="3626" started-at="2019-11-07T21:37:16 MST" finished-at="2019-11-07T21:37:20 MST">
          <params>
            <param index="0">
              <value>
                <![CDATA[chrome]]>
              </value>
            </param>
          </params>
          <reporter-output>
          </reporter-output>
        </test-method> <!-- invokeBrowser -->
        <test-method status="PASS" signature="verifyTitleOfThePage()[pri:0, instance:Day11.Guru99Project@10a035a0]" name="verifyTitleOfThePage" duration-ms="18" started-at="2019-11-07T21:37:20 MST" finished-at="2019-11-07T21:37:20 MST">
          <reporter-output>
          </reporter-output>
        </test-method> <!-- verifyTitleOfThePage -->
        <test-method status="PASS" signature="login(java.lang.String, java.lang.String)[pri:1000, instance:Day11.Guru99Project@10a035a0]" name="login" duration-ms="974" started-at="2019-11-07T21:37:20 MST" finished-at="2019-11-07T21:37:21 MST">
          <params>
            <param index="0">
              <value>
                <![CDATA[mngr231023]]>
              </value>
            </param>
            <param index="1">
              <value>
                <![CDATA[Eparedu]]>
              </value>
            </param>
          </params>
          <reporter-output>
          </reporter-output>
        </test-method> <!-- login -->
        <test-method status="PASS" signature="closeBrowser()[pri:0, instance:Day11.Guru99Project@10a035a0]" name="closeBrowser" is-config="true" duration-ms="168" started-at="2019-11-07T21:37:21 MST" finished-at="2019-11-07T21:37:21 MST">
          <reporter-output>
          </reporter-output>
        </test-method> <!-- closeBrowser -->
      </class> <!-- Day11.Guru99Project -->
    </test> <!-- Chrome Browser Tests -->
    <test name="Firefox BrowserTests" duration-ms="14021" started-at="2019-11-07T21:37:21 MST" finished-at="2019-11-07T21:37:35 MST">
      <class name="Day11.Guru99Project">
        <test-method status="PASS" signature="invokeBrowser(java.lang.String)[pri:0, instance:Day11.Guru99Project@6dde5c8c]" name="invokeBrowser" is-config="true" duration-ms="8139" started-at="2019-11-07T21:37:21 MST" finished-at="2019-11-07T21:37:29 MST">
          <params>
            <param index="0">
              <value>
                <![CDATA[firefox]]>
              </value>
            </param>
          </params>
          <reporter-output>
          </reporter-output>
        </test-method> <!-- invokeBrowser -->
        <test-method status="PASS" signature="verifyTitleOfThePage()[pri:0, instance:Day11.Guru99Project@6dde5c8c]" name="verifyTitleOfThePage" duration-ms="31" started-at="2019-11-07T21:37:29 MST" finished-at="2019-11-07T21:37:29 MST">
          <reporter-output>
          </reporter-output>
        </test-method> <!-- verifyTitleOfThePage -->
        <test-method status="PASS" signature="login(java.lang.String, java.lang.String)[pri:1000, instance:Day11.Guru99Project@6dde5c8c]" name="login" duration-ms="1990" started-at="2019-11-07T21:37:29 MST" finished-at="2019-11-07T21:37:31 MST">
          <params>
            <param index="0">
              <value>
                <![CDATA[mngr231023]]>
              </value>
            </param>
            <param index="1">
              <value>
                <![CDATA[Eparedu]]>
              </value>
            </param>
          </params>
          <reporter-output>
          </reporter-output>
        </test-method> <!-- login -->
        <test-method status="PASS" signature="closeBrowser()[pri:0, instance:Day11.Guru99Project@6dde5c8c]" name="closeBrowser" is-config="true" duration-ms="3855" started-at="2019-11-07T21:37:31 MST" finished-at="2019-11-07T21:37:35 MST">
          <reporter-output>
          </reporter-output>
        </test-method> <!-- closeBrowser -->
      </class> <!-- Day11.Guru99Project -->
    </test> <!-- Firefox BrowserTests -->
  </suite> <!-- Guru99 Test Suite -->
</testng-results>
