<?xml version="1.0" encoding="UTF-8"?>
<testng-results skipped="0" failed="0" ignored="1" total="4" passed="3">
  <reporter-output>
  </reporter-output>
  <suite name="Testing Basics Suite" duration-ms="54" started-at="2019-11-07T23:05:40 MST" finished-at="2019-11-07T23:05:40 MST">
    <groups>
      <group name="Sanity">
        <method signature="TestingBasics.testcase1()[pri:3, instance:Day11.TestingBasics@10a035a0]" name="testcase1" class="Day11.TestingBasics"/>
        <method signature="TestingBasics.testcase3()[pri:2, instance:Day11.TestingBasics@10a035a0]" name="testcase3" class="Day11.TestingBasics"/>
      </group> <!-- Sanity -->
      <group name="Regression">
        <method signature="TestingBasics.testcase1()[pri:3, instance:Day11.TestingBasics@10a035a0]" name="testcase1" class="Day11.TestingBasics"/>
        <method signature="TestingBasics.testcase6()[pri:1, instance:Day11.TestingBasics@10a035a0]" name="testcase6" class="Day11.TestingBasics"/>
      </group> <!-- Regression -->
    </groups>
    <test name="Basics Test" duration-ms="54" started-at="2019-11-07T23:05:40 MST" finished-at="2019-11-07T23:05:40 MST">
      <class name="Day11.TestingBasics">
        <test-method status="PASS" signature="beforeATestcase()[pri:0, instance:Day11.TestingBasics@10a035a0]" name="beforeATestcase" is-config="true" duration-ms="7" started-at="2019-11-07T23:05:40 MST" finished-at="2019-11-07T23:05:40 MST">
          <reporter-output>
          </reporter-output>
        </test-method> <!-- beforeATestcase -->
        <test-method status="PASS" signature="beforeATestcase()[pri:0, instance:Day11.TestingBasics@10a035a0]" name="beforeATestcase" is-config="true" duration-ms="7" started-at="2019-11-07T23:05:40 MST" finished-at="2019-11-07T23:05:40 MST">
          <reporter-output>
          </reporter-output>
        </test-method> <!-- beforeATestcase -->
        <test-method status="PASS" signature="beforeATestcase()[pri:0, instance:Day11.TestingBasics@10a035a0]" name="beforeATestcase" is-config="true" duration-ms="7" started-at="2019-11-07T23:05:40 MST" finished-at="2019-11-07T23:05:40 MST">
          <reporter-output>
          </reporter-output>
        </test-method> <!-- beforeATestcase -->
        <test-method status="PASS" signature="testcase1()[pri:3, instance:Day11.TestingBasics@10a035a0]" name="testcase1" duration-ms="6" started-at="2019-11-07T23:05:40 MST" finished-at="2019-11-07T23:05:40 MST">
          <reporter-output>
          </reporter-output>
        </test-method> <!-- testcase1 -->
        <test-method status="PASS" signature="testcase3()[pri:2, instance:Day11.TestingBasics@10a035a0]" name="testcase3" duration-ms="8" started-at="2019-11-07T23:05:40 MST" finished-at="2019-11-07T23:05:40 MST">
          <reporter-output>
          </reporter-output>
        </test-method> <!-- testcase3 -->
        <test-method status="PASS" signature="testcase6()[pri:1, instance:Day11.TestingBasics@10a035a0]" name="testcase6" duration-ms="7" started-at="2019-11-07T23:05:40 MST" finished-at="2019-11-07T23:05:40 MST">
          <reporter-output>
          </reporter-output>
        </test-method> <!-- testcase6 -->
        <test-method status="PASS" signature="afterATestcase()[pri:0, instance:Day11.TestingBasics@10a035a0]" name="afterATestcase" is-config="true" duration-ms="0" started-at="2019-11-07T23:05:40 MST" finished-at="2019-11-07T23:05:40 MST">
          <reporter-output>
          </reporter-output>
        </test-method> <!-- afterATestcase -->
        <test-method status="PASS" signature="afterATestcase()[pri:0, instance:Day11.TestingBasics@10a035a0]" name="afterATestcase" is-config="true" duration-ms="0" started-at="2019-11-07T23:05:40 MST" finished-at="2019-11-07T23:05:40 MST">
          <reporter-output>
          </reporter-output>
        </test-method> <!-- afterATestcase -->
        <test-method status="PASS" signature="afterATestcase()[pri:0, instance:Day11.TestingBasics@10a035a0]" name="afterATestcase" is-config="true" duration-ms="0" started-at="2019-11-07T23:05:40 MST" finished-at="2019-11-07T23:05:40 MST">
          <reporter-output>
          </reporter-output>
        </test-method> <!-- afterATestcase -->
      </class> <!-- Day11.TestingBasics -->
    </test> <!-- Basics Test -->
  </suite> <!-- Testing Basics Suite -->
</testng-results>
