<?xml version="1.0" encoding="UTF-8"?>
<!-- Generated by org.testng.reporters.JUnitXMLReporter -->
<testsuite hostname="KAPAMAC114YHTD7" ignored="1" name="Firefox BrowserTests" tests="1" failures="0" timestamp="2019-11-07T23:01:31 MST" time="15.869" errors="0">
  <testcase name="login" time="2.983" classname="Day11.Guru99Project"/>
  <testcase name="verifyTitleOfThePage" time="0.0" classname="Day11.Guru99Project">
    <ignored/>
  </testcase> <!-- verifyTitleOfThePage -->
</testsuite> <!-- Firefox BrowserTests -->
