<?xml version="1.0" encoding="UTF-8"?>
<!-- Generated by org.testng.reporters.JUnitXMLReporter -->
<testsuite hostname="KAPAMAC114YHTD7" ignored="0" name="Class Test" tests="6" failures="0" timestamp="2019-11-07T22:01:42 MST" time="4.677" errors="0">
  <testcase name="testcase5" time="0.006" classname="Day11.TestingBasics"/>
  <testcase name="testcase6" time="0.001" classname="Day11.TestingBasics"/>
  <testcase name="testcase3" time="0.001" classname="Day11.TestingBasics"/>
  <testcase name="testcase1" time="0.003" classname="Day11.TestingBasics"/>
  <testcase name="verifyTitleOfThePage" time="0.01" classname="Day11.Guru99Project"/>
  <testcase name="login" time="0.876" classname="Day11.Guru99Project"/>
</testsuite> <!-- Class Test -->
