<?xml version="1.0" encoding="UTF-8"?>
<!-- Generated by org.testng.reporters.JUnitXMLReporter -->
<testsuite hostname="KAPAMAC114YHTD7" ignored="0" name="Class Test" tests="4" failures="0" timestamp="2019-11-07T16:34:58 MST" time="0.059" errors="0">
  <testcase name="testcase5" time="0.007" classname="Day11.TestingBasics"/>
  <testcase name="testcase6" time="0.002" classname="Day11.TestingBasics"/>
  <testcase name="testcase3" time="0.002" classname="Day11.TestingBasics"/>
  <testcase name="testcase1" time="0.002" classname="Day11.TestingBasics"/>
</testsuite> <!-- Class Test -->
